# JRE version: OpenJDK Runtime Environment (15.0.1+9) (build 15.0.1+9-18)
# Java VM: OpenJDK 64-Bit Server VM (15.0.1+9-18, mixed mode, sharing, tiered, compressed oops, g1 gc, linux-amd64)
GC Precious Log:
 CPUs: 3 total, 3 available
 Memory: 7788M
 Large Page Support: Disabled
 NUMA Support: Disabled
 Compressed Oops: Enabled (32-bit)
 Heap Region Size: 1M
 Heap Min Capacity: 8M
 Heap Initial Capacity: 122M
 Heap Max Capacity: 1948M
 Pre-touch: Disabled
 Parallel Workers: 3
 Concurrent Workers: 1
 Concurrent Refinement Workers: 3
 Periodic GC: Disabled
Heap:
 garbage-first heap   total 143360K, used 26046K [0x0000000086400000, 0x0000000100000000)
  region size 1024K, 1 young (1024K), 1 survivors (1024K)
 Metaspace       used 55457K, capacity 55907K, committed 56624K, reserved 1099776K
  class space    used 6458K, capacity 6643K, committed 6784K, reserved 1048576K
GC Heap History (20 events):
Event: 17929.002 GC heap after
{Heap after GC invocations=232 (full 0):
 garbage-first heap   total 61440K, used 26017K [0x0000000086400000, 0x0000000100000000)
  region size 1024K, 1 young (1024K), 1 survivors (1024K)
 Metaspace       used 55457K, capacity 55907K, committed 56624K, reserved 1099776K
  class space    used 6458K, capacity 6643K, committed 6784K, reserved 1048576K
}
Event: 17939.705 GC heap before
{Heap before GC invocations=232 (full 0):
 garbage-first heap   total 61440K, used 28065K [0x0000000086400000, 0x0000000100000000)
  region size 1024K, 3 young (3072K), 1 survivors (1024K)
 Metaspace       used 55457K, capacity 55907K, committed 56624K, reserved 1099776K
  class space    used 6458K, capacity 6643K, committed 6784K, reserved 1048576K
}
Event: 17940.753 GC heap after
{Heap after GC invocations=233 (full 0):
 garbage-first heap   total 61440K, used 26021K [0x0000000086400000, 0x0000000100000000)
  region size 1024K, 1 young (1024K), 1 survivors (1024K)
 Metaspace       used 55457K, capacity 55907K, committed 56624K, reserved 1099776K
  class space    used 6458K, capacity 6643K, committed 6784K, reserved 1048576K
}
Event: 17941.907 GC heap before
{Heap before GC invocations=233 (full 0):
 garbage-first heap   total 61440K, used 28069K [0x0000000086400000, 0x0000000100000000)
  region size 1024K, 3 young (3072K), 1 survivors (1024K)
 Metaspace       used 55457K, capacity 55907K, committed 56624K, reserved 1099776K
  class space    used 6458K, capacity 6643K, committed 6784K, reserved 1048576K
}
Event: 17943.219 GC heap after
{Heap after GC invocations=234 (full 0):
 garbage-first heap   total 61440K, used 26027K [0x0000000086400000, 0x0000000100000000)
  region size 1024K, 1 young (1024K), 1 survivors (1024K)
 Metaspace       used 55457K, capacity 55907K, committed 56624K, reserved 1099776K
  class space    used 6458K, capacity 6643K, committed 6784K, reserved 1048576K
}
Event: 17948.698 GC heap before
{Heap before GC invocations=234 (full 0):
 garbage-first heap   total 61440K, used 28075K [0x0000000086400000, 0x0000000100000000)
  region size 1024K, 3 young (3072K), 1 survivors (1024K)
 Metaspace       used 55457K, capacity 55907K, committed 56624K, reserved 1099776K
  class space    used 6458K, capacity 6643K, committed 6784K, reserved 1048576K
}
Event: 17949.807 GC heap after
{Heap after GC invocations=235 (full 0):
 garbage-first heap   total 61440K, used 26026K [0x0000000086400000, 0x0000000100000000)
  region size 1024K, 1 young (1024K), 1 survivors (1024K)
 Metaspace       used 55457K, capacity 55907K, committed 56624K, reserved 1099776K
  class space    used 6458K, capacity 6643K, committed 6784K, reserved 1048576K
}
Event: 17958.162 GC heap before
{Heap before GC invocations=235 (full 0):
 garbage-first heap   total 61440K, used 28074K [0x0000000086400000, 0x0000000100000000)
  region size 1024K, 3 young (3072K), 1 survivors (1024K)
 Metaspace       used 55457K, capacity 55907K, committed 56624K, reserved 1099776K
  class space    used 6458K, capacity 6643K, committed 6784K, reserved 1048576K
}
Event: 17959.426 GC heap after
{Heap after GC invocations=236 (full 0):
 garbage-first heap   total 61440K, used 26021K [0x0000000086400000, 0x0000000100000000)
  region size 1024K, 1 young (1024K), 1 survivors (1024K)
 Metaspace       used 55457K, capacity 55907K, committed 56624K, reserved 1099776K
  class space    used 6458K, capacity 6643K, committed 6784K, reserved 1048576K
}
Event: 17968.370 GC heap before
{Heap before GC invocations=236 (full 0):
 garbage-first heap   total 61440K, used 28069K [0x0000000086400000, 0x0000000100000000)
  region size 1024K, 3 young (3072K), 1 survivors (1024K)
 Metaspace       used 55457K, capacity 55907K, committed 56624K, reserved 1099776K
  class space    used 6458K, capacity 6643K, committed 6784K, reserved 1048576K
}
Event: 17969.453 GC heap after
{Heap after GC invocations=237 (full 0):
 garbage-first heap   total 61440K, used 26031K [0x0000000086400000, 0x0000000100000000)
  region size 1024K, 1 young (1024K), 1 survivors (1024K)
 Metaspace       used 55457K, capacity 55907K, committed 56624K, reserved 1099776K
  class space    used 6458K, capacity 6643K, committed 6784K, reserved 1048576K
}
Event: 17977.996 GC heap before
{Heap before GC invocations=237 (full 0):
 garbage-first heap   total 61440K, used 28079K [0x0000000086400000, 0x0000000100000000)
  region size 1024K, 3 young (3072K), 1 survivors (1024K)
 Metaspace       used 55457K, capacity 55907K, committed 56624K, reserved 1099776K
  class space    used 6458K, capacity 6643K, committed 6784K, reserved 1048576K
}
Event: 17979.064 GC heap after
{Heap after GC invocations=238 (full 0):
 garbage-first heap   total 73728K, used 26035K [0x0000000086400000, 0x0000000100000000)
  region size 1024K, 1 young (1024K), 1 survivors (1024K)
 Metaspace       used 55457K, capacity 55907K, committed 56624K, reserved 1099776K
  class space    used 6458K, capacity 6643K, committed 6784K, reserved 1048576K
}
Event: 17984.030 GC heap before
{Heap before GC invocations=238 (full 0):
 garbage-first heap   total 73728K, used 28083K [0x0000000086400000, 0x0000000100000000)
  region size 1024K, 3 young (3072K), 1 survivors (1024K)
 Metaspace       used 55457K, capacity 55907K, committed 56624K, reserved 1099776K
  class space    used 6458K, capacity 6643K, committed 6784K, reserved 1048576K
}
Event: 17985.497 GC heap after
{Heap after GC invocations=239 (full 0):
 garbage-first heap   total 73728K, used 26050K [0x0000000086400000, 0x0000000100000000)
  region size 1024K, 1 young (1024K), 1 survivors (1024K)
 Metaspace       used 55457K, capacity 55907K, committed 56624K, reserved 1099776K
  class space    used 6458K, capacity 6643K, committed 6784K, reserved 1048576K
}
Event: 17989.788 GC heap before
{Heap before GC invocations=239 (full 0):
 garbage-first heap   total 73728K, used 28098K [0x0000000086400000, 0x0000000100000000)
  region size 1024K, 3 young (3072K), 1 survivors (1024K)
 Metaspace       used 55457K, capacity 55907K, committed 56624K, reserved 1099776K
  class space    used 6458K, capacity 6643K, committed 6784K, reserved 1048576K
}
Event: 17990.941 GC heap after
{Heap after GC invocations=240 (full 0):
 garbage-first heap   total 73728K, used 26044K [0x0000000086400000, 0x0000000100000000)
  region size 1024K, 1 young (1024K), 1 survivors (1024K)
 Metaspace       used 55457K, capacity 55907K, committed 56624K, reserved 1099776K
  class space    used 6458K, capacity 6643K, committed 6784K, reserved 1048576K
}
Event: 17997.965 GC heap before
{Heap before GC invocations=240 (full 0):
 garbage-first heap   total 73728K, used 28092K [0x0000000086400000, 0x0000000100000000)
  region size 1024K, 3 young (3072K), 1 survivors (1024K)
 Metaspace       used 55457K, capacity 55907K, committed 56624K, reserved 1099776K
  class space    used 6458K, capacity 6643K, committed 6784K, reserved 1048576K
}
Event: 17999.662 GC heap after
{Heap after GC invocations=241 (full 0):
 garbage-first heap   total 73728K, used 26043K [0x0000000086400000, 0x0000000100000000)
  region size 1024K, 1 young (1024K), 1 survivors (1024K)
 Metaspace       used 55457K, capacity 55907K, committed 56624K, reserved 1099776K
  class space    used 6458K, capacity 6643K, committed 6784K, reserved 1048576K
}
Event: 18011.533 GC heap before
{Heap before GC invocations=241 (full 0):
 garbage-first heap   total 73728K, used 28091K [0x0000000086400000, 0x0000000100000000)
  region size 1024K, 3 young (3072K), 1 survivors (1024K)
 Metaspace       used 55457K, capacity 55907K, committed 56624K, reserved 1099776K
  class space    used 6458K, capacity 6643K, committed 6784K, reserved 1048576K
}

